{"D:\\lee\\personal\\react-components-mono\\packages\\components\\src\\Form\\Form.tsx": {"path":"D:\\lee\\personal\\react-components-mono\\packages\\components\\src\\Form\\Form.tsx","statementMap":{"0":{"start":{"line":20,"column":20},"end":{"line":136,"column":3}},"1":{"start":{"line":28,"column":20},"end":{"line":34,"column":6}},"2":{"start":{"line":36,"column":4},"end":{"line":121,"column":7}},"3":{"start":{"line":36,"column":45},"end":{"line":121,"column":5}},"4":{"start":{"line":38,"column":26},"end":{"line":43,"column":14}},"5":{"start":{"line":39,"column":10},"end":{"line":42,"column":11}},"6":{"start":{"line":44,"column":8},"end":{"line":53,"column":9}},"7":{"start":{"line":45,"column":10},"end":{"line":50,"column":16}},"8":{"start":{"line":46,"column":12},"end":{"line":49,"column":13}},"9":{"start":{"line":52,"column":10},"end":{"line":52,"column":26}},"10":{"start":{"line":56,"column":8},"end":{"line":56,"column":85}},"11":{"start":{"line":56,"column":59},"end":{"line":56,"column":77}},"12":{"start":{"line":62,"column":8},"end":{"line":87,"column":9}},"13":{"start":{"line":63,"column":10},"end":{"line":75,"column":12}},"14":{"start":{"line":64,"column":27},"end":{"line":64,"column":82}},"15":{"start":{"line":64,"column":63},"end":{"line":64,"column":81}},"16":{"start":{"line":65,"column":12},"end":{"line":68,"column":13}},"17":{"start":{"line":66,"column":14},"end":{"line":66,"column":32}},"18":{"start":{"line":67,"column":14},"end":{"line":67,"column":58}},"19":{"start":{"line":69,"column":12},"end":{"line":74,"column":13}},"20":{"start":{"line":70,"column":14},"end":{"line":73,"column":16}},"21":{"start":{"line":77,"column":10},"end":{"line":80,"column":12}},"22":{"start":{"line":78,"column":12},"end":{"line":78,"column":28}},"23":{"start":{"line":79,"column":12},"end":{"line":79,"column":57}},"24":{"start":{"line":81,"column":10},"end":{"line":86,"column":12}},"25":{"start":{"line":82,"column":12},"end":{"line":85,"column":14}},"26":{"start":{"line":98,"column":8},"end":{"line":119,"column":10}},"27":{"start":{"line":99,"column":25},"end":{"line":99,"column":86}},"28":{"start":{"line":99,"column":61},"end":{"line":99,"column":85}},"29":{"start":{"line":100,"column":28},"end":{"line":100,"column":30}},"30":{"start":{"line":101,"column":10},"end":{"line":106,"column":11}},"31":{"start":{"line":102,"column":12},"end":{"line":104,"column":13}},"32":{"start":{"line":103,"column":14},"end":{"line":103,"column":42}},"33":{"start":{"line":105,"column":12},"end":{"line":105,"column":38}},"34":{"start":{"line":107,"column":10},"end":{"line":112,"column":11}},"35":{"start":{"line":108,"column":12},"end":{"line":110,"column":13}},"36":{"start":{"line":109,"column":14},"end":{"line":109,"column":40}},"37":{"start":{"line":111,"column":12},"end":{"line":111,"column":36}},"38":{"start":{"line":113,"column":10},"end":{"line":118,"column":11}},"39":{"start":{"line":114,"column":12},"end":{"line":117,"column":15}},"40":{"start":{"line":114,"column":74},"end":{"line":117,"column":13}},"41":{"start":{"line":123,"column":4},"end":{"line":131,"column":5}}},"fnMap":{"0":{"name":"(anonymous_0)","decl":{"start":{"line":21,"column":19},"end":{"line":21,"column":20}},"loc":{"start":{"line":27,"column":120},"end":{"line":132,"column":3}},"line":27},"1":{"name":"(anonymous_1)","decl":{"start":{"line":36,"column":38},"end":{"line":36,"column":39}},"loc":{"start":{"line":36,"column":45},"end":{"line":121,"column":5}},"line":36},"2":{"name":"(anonymous_2)","decl":{"start":{"line":37,"column":22},"end":{"line":37,"column":23}},"loc":{"start":{"line":37,"column":36},"end":{"line":54,"column":7}},"line":37},"3":{"name":"(anonymous_3)","decl":{"start":{"line":38,"column":54},"end":{"line":38,"column":55}},"loc":{"start":{"line":38,"column":79},"end":{"line":43,"column":9}},"line":38},"4":{"name":"(anonymous_4)","decl":{"start":{"line":45,"column":33},"end":{"line":45,"column":34}},"loc":{"start":{"line":45,"column":48},"end":{"line":50,"column":11}},"line":45},"5":{"name":"(anonymous_5)","decl":{"start":{"line":55,"column":21},"end":{"line":55,"column":22}},"loc":{"start":{"line":55,"column":31},"end":{"line":57,"column":7}},"line":55},"6":{"name":"(anonymous_6)","decl":{"start":{"line":56,"column":41},"end":{"line":56,"column":42}},"loc":{"start":{"line":56,"column":59},"end":{"line":56,"column":77}},"line":56},"7":{"name":"(anonymous_7)","decl":{"start":{"line":58,"column":19},"end":{"line":58,"column":20}},"loc":{"start":{"line":58,"column":33},"end":{"line":96,"column":7}},"line":58},"8":{"name":"(anonymous_8)","decl":{"start":{"line":63,"column":27},"end":{"line":63,"column":28}},"loc":{"start":{"line":63,"column":37},"end":{"line":75,"column":11}},"line":63},"9":{"name":"(anonymous_9)","decl":{"start":{"line":64,"column":53},"end":{"line":64,"column":54}},"loc":{"start":{"line":64,"column":63},"end":{"line":64,"column":81}},"line":64},"10":{"name":"(anonymous_10)","decl":{"start":{"line":77,"column":39},"end":{"line":77,"column":40}},"loc":{"start":{"line":77,"column":49},"end":{"line":80,"column":11}},"line":77},"11":{"name":"(anonymous_11)","decl":{"start":{"line":81,"column":56},"end":{"line":81,"column":57}},"loc":{"start":{"line":81,"column":66},"end":{"line":86,"column":11}},"line":81},"12":{"name":"(anonymous_12)","decl":{"start":{"line":97,"column":17},"end":{"line":97,"column":18}},"loc":{"start":{"line":97,"column":29},"end":{"line":120,"column":7}},"line":97},"13":{"name":"(anonymous_13)","decl":{"start":{"line":98,"column":23},"end":{"line":98,"column":24}},"loc":{"start":{"line":98,"column":34},"end":{"line":119,"column":9}},"line":98},"14":{"name":"(anonymous_14)","decl":{"start":{"line":99,"column":51},"end":{"line":99,"column":52}},"loc":{"start":{"line":99,"column":61},"end":{"line":99,"column":85}},"line":99},"15":{"name":"(anonymous_15)","decl":{"start":{"line":114,"column":58},"end":{"line":114,"column":59}},"loc":{"start":{"line":114,"column":74},"end":{"line":117,"column":13}},"line":114}},"branchMap":{"0":{"loc":{"start":{"line":44,"column":8},"end":{"line":53,"column":9}},"type":"if","locations":[{"start":{"line":44,"column":8},"end":{"line":53,"column":9}},{"start":{"line":51,"column":15},"end":{"line":53,"column":9}}],"line":44},"1":{"loc":{"start":{"line":62,"column":8},"end":{"line":87,"column":9}},"type":"if","locations":[{"start":{"line":62,"column":8},"end":{"line":87,"column":9}},{"start":{"line":76,"column":15},"end":{"line":87,"column":9}}],"line":62},"2":{"loc":{"start":{"line":65,"column":12},"end":{"line":68,"column":13}},"type":"if","locations":[{"start":{"line":65,"column":12},"end":{"line":68,"column":13}},{"start":{},"end":{}}],"line":65},"3":{"loc":{"start":{"line":67,"column":29},"end":{"line":67,"column":58}},"type":"binary-expr","locations":[{"start":{"line":67,"column":29},"end":{"line":67,"column":50}},{"start":{"line":67,"column":54},"end":{"line":67,"column":58}}],"line":67},"4":{"loc":{"start":{"line":69,"column":12},"end":{"line":74,"column":13}},"type":"if","locations":[{"start":{"line":69,"column":12},"end":{"line":74,"column":13}},{"start":{},"end":{}}],"line":69},"5":{"loc":{"start":{"line":71,"column":23},"end":{"line":71,"column":50}},"type":"binary-expr","locations":[{"start":{"line":71,"column":23},"end":{"line":71,"column":42}},{"start":{"line":71,"column":46},"end":{"line":71,"column":50}}],"line":71},"6":{"loc":{"start":{"line":79,"column":25},"end":{"line":79,"column":57}},"type":"binary-expr","locations":[{"start":{"line":79,"column":25},"end":{"line":79,"column":49}},{"start":{"line":79,"column":53},"end":{"line":79,"column":57}}],"line":79},"7":{"loc":{"start":{"line":83,"column":21},"end":{"line":83,"column":48}},"type":"binary-expr","locations":[{"start":{"line":83,"column":21},"end":{"line":83,"column":40}},{"start":{"line":83,"column":44},"end":{"line":83,"column":48}}],"line":83},"8":{"loc":{"start":{"line":101,"column":10},"end":{"line":106,"column":11}},"type":"if","locations":[{"start":{"line":101,"column":10},"end":{"line":106,"column":11}},{"start":{},"end":{}}],"line":101},"9":{"loc":{"start":{"line":102,"column":12},"end":{"line":104,"column":13}},"type":"if","locations":[{"start":{"line":102,"column":12},"end":{"line":104,"column":13}},{"start":{},"end":{}}],"line":102},"10":{"loc":{"start":{"line":107,"column":10},"end":{"line":112,"column":11}},"type":"if","locations":[{"start":{"line":107,"column":10},"end":{"line":112,"column":11}},{"start":{},"end":{}}],"line":107},"11":{"loc":{"start":{"line":108,"column":12},"end":{"line":110,"column":13}},"type":"if","locations":[{"start":{"line":108,"column":12},"end":{"line":110,"column":13}},{"start":{},"end":{}}],"line":108},"12":{"loc":{"start":{"line":113,"column":10},"end":{"line":118,"column":11}},"type":"if","locations":[{"start":{"line":113,"column":10},"end":{"line":118,"column":11}},{"start":{},"end":{}}],"line":113},"13":{"loc":{"start":{"line":113,"column":14},"end":{"line":113,"column":82}},"type":"binary-expr","locations":[{"start":{"line":113,"column":14},"end":{"line":113,"column":42}},{"start":{"line":113,"column":46},"end":{"line":113,"column":82}}],"line":113}},"s":{"0":1,"1":2,"2":2,"3":0,"4":0,"5":0,"6":0,"7":0,"8":0,"9":0,"10":0,"11":0,"12":0,"13":0,"14":0,"15":0,"16":0,"17":0,"18":0,"19":0,"20":0,"21":0,"22":0,"23":0,"24":0,"25":0,"26":0,"27":0,"28":0,"29":0,"30":0,"31":0,"32":0,"33":0,"34":0,"35":0,"36":0,"37":0,"38":0,"39":0,"40":0,"41":2},"f":{"0":2,"1":0,"2":0,"3":0,"4":0,"5":0,"6":0,"7":0,"8":0,"9":0,"10":0,"11":0,"12":0,"13":0,"14":0,"15":0},"b":{"0":[0,0],"1":[0,0],"2":[0,0],"3":[0,0],"4":[0,0],"5":[0,0],"6":[0,0],"7":[0,0],"8":[0,0],"9":[0,0],"10":[0,0],"11":[0,0],"12":[0,0],"13":[0,0]},"_coverageSchema":"1a1c01bbd47fc00a2c39e90264f33305004495a9","hash":"1c8960043a2bd3019688a2576c9a3323c28b406e"}
,"D:\\lee\\personal\\react-components-mono\\packages\\components\\src\\Form\\FormItem.tsx": {"path":"D:\\lee\\personal\\react-components-mono\\packages\\components\\src\\Form\\FormItem.tsx","statementMap":{"0":{"start":{"line":18,"column":17},"end":{"line":29,"column":1}},"1":{"start":{"line":19,"column":2},"end":{"line":28,"column":3}},"2":{"start":{"line":21,"column":6},"end":{"line":21,"column":15}},"3":{"start":{"line":23,"column":6},"end":{"line":23,"column":28}},"4":{"start":{"line":25,"column":6},"end":{"line":25,"column":30}},"5":{"start":{"line":27,"column":6},"end":{"line":27,"column":15}},"6":{"start":{"line":31,"column":21},"end":{"line":141,"column":1}},"7":{"start":{"line":38,"column":53},"end":{"line":38,"column":72}},"8":{"start":{"line":40,"column":28},"end":{"line":46,"column":4}},"9":{"start":{"line":48,"column":2},"end":{"line":57,"column":8}},"10":{"start":{"line":49,"column":4},"end":{"line":56,"column":5}},"11":{"start":{"line":50,"column":6},"end":{"line":54,"column":9}},"12":{"start":{"line":55,"column":6},"end":{"line":55,"column":52}},"13":{"start":{"line":61,"column":17},"end":{"line":61,"column":19}},"14":{"start":{"line":62,"column":4},"end":{"line":75,"column":5}},"15":{"start":{"line":63,"column":6},"end":{"line":74,"column":7}},"16":{"start":{"line":63,"column":19},"end":{"line":63,"column":20}},"17":{"start":{"line":64,"column":48},"end":{"line":64,"column":56}},"18":{"start":{"line":65,"column":8},"end":{"line":73,"column":9}},"19":{"start":{"line":66,"column":10},"end":{"line":70,"column":11}},"20":{"start":{"line":67,"column":12},"end":{"line":67,"column":32}},"21":{"start":{"line":69,"column":12},"end":{"line":69,"column":34}},"22":{"start":{"line":71,"column":15},"end":{"line":73,"column":9}},"23":{"start":{"line":72,"column":10},"end":{"line":72,"column":28}},"24":{"start":{"line":76,"column":4},"end":{"line":76,"column":15}},"25":{"start":{"line":79,"column":26},"end":{"line":111,"column":3}},"26":{"start":{"line":80,"column":4},"end":{"line":80,"column":22}},"27":{"start":{"line":80,"column":15},"end":{"line":80,"column":22}},"28":{"start":{"line":81,"column":44},"end":{"line":81,"column":68}},"29":{"start":{"line":82,"column":19},"end":{"line":82,"column":61}},"30":{"start":{"line":83,"column":4},"end":{"line":94,"column":5}},"31":{"start":{"line":84,"column":21},"end":{"line":84,"column":43}},"32":{"start":{"line":85,"column":6},"end":{"line":88,"column":8}},"33":{"start":{"line":89,"column":18},"end":{"line":89,"column":86}},"34":{"start":{"line":89,"column":67},"end":{"line":89,"column":85}},"35":{"start":{"line":90,"column":6},"end":{"line":90,"column":46}},"36":{"start":{"line":91,"column":6},"end":{"line":93,"column":7}},"37":{"start":{"line":92,"column":8},"end":{"line":92,"column":49}},"38":{"start":{"line":95,"column":4},"end":{"line":97,"column":5}},"39":{"start":{"line":96,"column":6},"end":{"line":96,"column":22}},"40":{"start":{"line":98,"column":4},"end":{"line":110,"column":5}},"41":{"start":{"line":99,"column":6},"end":{"line":109,"column":8}},"42":{"start":{"line":103,"column":10},"end":{"line":106,"column":11}},"43":{"start":{"line":113,"column":2},"end":{"line":140,"column":3}},"44":{"start":{"line":121,"column":56},"end":{"line":121,"column":67}},"45":{"start":{"line":122,"column":12},"end":{"line":129,"column":14}},"46":{"start":{"line":134,"column":10},"end":{"line":136,"column":11}}},"fnMap":{"0":{"name":"(anonymous_0)","decl":{"start":{"line":18,"column":17},"end":{"line":18,"column":18}},"loc":{"start":{"line":18,"column":43},"end":{"line":29,"column":1}},"line":18},"1":{"name":"(anonymous_1)","decl":{"start":{"line":31,"column":21},"end":{"line":31,"column":22}},"loc":{"start":{"line":37,"column":88},"end":{"line":141,"column":1}},"line":37},"2":{"name":"(anonymous_2)","decl":{"start":{"line":48,"column":12},"end":{"line":48,"column":13}},"loc":{"start":{"line":48,"column":18},"end":{"line":57,"column":3}},"line":48},"3":{"name":"validate","decl":{"start":{"line":60,"column":17},"end":{"line":60,"column":25}},"loc":{"start":{"line":60,"column":36},"end":{"line":77,"column":3}},"line":60},"4":{"name":"(anonymous_4)","decl":{"start":{"line":79,"column":26},"end":{"line":79,"column":27}},"loc":{"start":{"line":79,"column":44},"end":{"line":111,"column":3}},"line":79},"5":{"name":"(anonymous_5)","decl":{"start":{"line":89,"column":49},"end":{"line":89,"column":50}},"loc":{"start":{"line":89,"column":67},"end":{"line":89,"column":85}},"line":89},"6":{"name":"(anonymous_6)","decl":{"start":{"line":102,"column":39},"end":{"line":102,"column":40}},"loc":{"start":{"line":102,"column":64},"end":{"line":107,"column":9}},"line":102},"7":{"name":"(anonymous_7)","decl":{"start":{"line":120,"column":39},"end":{"line":120,"column":40}},"loc":{"start":{"line":120,"column":118},"end":{"line":130,"column":11}},"line":120},"8":{"name":"(anonymous_8)","decl":{"start":{"line":133,"column":26},"end":{"line":133,"column":27}},"loc":{"start":{"line":133,"column":35},"end":{"line":137,"column":9}},"line":133}},"branchMap":{"0":{"loc":{"start":{"line":19,"column":2},"end":{"line":28,"column":3}},"type":"switch","locations":[{"start":{"line":20,"column":4},"end":{"line":21,"column":15}},{"start":{"line":22,"column":4},"end":{"line":23,"column":28}},{"start":{"line":24,"column":4},"end":{"line":25,"column":30}},{"start":{"line":26,"column":4},"end":{"line":27,"column":15}}],"line":19},"1":{"loc":{"start":{"line":44,"column":11},"end":{"line":44,"column":40}},"type":"binary-expr","locations":[{"start":{"line":44,"column":11},"end":{"line":44,"column":32}},{"start":{"line":44,"column":36},"end":{"line":44,"column":40}}],"line":44},"2":{"loc":{"start":{"line":49,"column":4},"end":{"line":56,"column":5}},"type":"if","locations":[{"start":{"line":49,"column":4},"end":{"line":56,"column":5}},{"start":{},"end":{}}],"line":49},"3":{"loc":{"start":{"line":52,"column":15},"end":{"line":52,"column":44}},"type":"binary-expr","locations":[{"start":{"line":52,"column":15},"end":{"line":52,"column":36}},{"start":{"line":52,"column":40},"end":{"line":52,"column":44}}],"line":52},"4":{"loc":{"start":{"line":62,"column":4},"end":{"line":75,"column":5}},"type":"if","locations":[{"start":{"line":62,"column":4},"end":{"line":75,"column":5}},{"start":{},"end":{}}],"line":62},"5":{"loc":{"start":{"line":65,"column":8},"end":{"line":73,"column":9}},"type":"if","locations":[{"start":{"line":65,"column":8},"end":{"line":73,"column":9}},{"start":{"line":71,"column":15},"end":{"line":73,"column":9}}],"line":65},"6":{"loc":{"start":{"line":71,"column":15},"end":{"line":73,"column":9}},"type":"if","locations":[{"start":{"line":71,"column":15},"end":{"line":73,"column":9}},{"start":{},"end":{}}],"line":71},"7":{"loc":{"start":{"line":71,"column":19},"end":{"line":71,"column":48}},"type":"binary-expr","locations":[{"start":{"line":71,"column":19},"end":{"line":71,"column":26}},{"start":{"line":71,"column":30},"end":{"line":71,"column":48}}],"line":71},"8":{"loc":{"start":{"line":80,"column":4},"end":{"line":80,"column":22}},"type":"if","locations":[{"start":{"line":80,"column":4},"end":{"line":80,"column":22}},{"start":{},"end":{}}],"line":80},"9":{"loc":{"start":{"line":83,"column":4},"end":{"line":94,"column":5}},"type":"if","locations":[{"start":{"line":83,"column":4},"end":{"line":94,"column":5}},{"start":{},"end":{}}],"line":83},"10":{"loc":{"start":{"line":91,"column":6},"end":{"line":93,"column":7}},"type":"if","locations":[{"start":{"line":91,"column":6},"end":{"line":93,"column":7}},{"start":{},"end":{}}],"line":91},"11":{"loc":{"start":{"line":95,"column":4},"end":{"line":97,"column":5}},"type":"if","locations":[{"start":{"line":95,"column":4},"end":{"line":97,"column":5}},{"start":{},"end":{}}],"line":95},"12":{"loc":{"start":{"line":98,"column":4},"end":{"line":110,"column":5}},"type":"if","locations":[{"start":{"line":98,"column":4},"end":{"line":110,"column":5}},{"start":{},"end":{}}],"line":98},"13":{"loc":{"start":{"line":117,"column":10},"end":{"line":117,"column":71}},"type":"binary-expr","locations":[{"start":{"line":117,"column":10},"end":{"line":117,"column":15}},{"start":{"line":117,"column":19},"end":{"line":117,"column":71}}],"line":117},"14":{"loc":{"start":{"line":125,"column":23},"end":{"line":125,"column":54}},"type":"cond-expr","locations":[{"start":{"line":125,"column":30},"end":{"line":125,"column":41}},{"start":{"line":125,"column":44},"end":{"line":125,"column":54}}],"line":125}},"s":{"0":1,"1":1,"2":0,"3":1,"4":0,"5":0,"6":1,"7":5,"8":5,"9":5,"10":4,"11":4,"12":4,"13":1,"14":1,"15":0,"16":0,"17":0,"18":0,"19":0,"20":0,"21":0,"22":0,"23":0,"24":1,"25":5,"26":1,"27":0,"28":1,"29":1,"30":1,"31":1,"32":1,"33":1,"34":1,"35":1,"36":1,"37":0,"38":1,"39":0,"40":1,"41":1,"42":2,"43":5,"44":5,"45":5,"46":0},"f":{"0":1,"1":5,"2":4,"3":1,"4":1,"5":1,"6":2,"7":5,"8":0},"b":{"0":[0,1,0,0],"1":[5,0],"2":[4,0],"3":[4,0],"4":[0,1],"5":[0,0],"6":[0,0],"7":[0,0],"8":[0,1],"9":[1,0],"10":[0,1],"11":[0,1],"12":[1,0],"13":[5,5],"14":[5,0]},"_coverageSchema":"1a1c01bbd47fc00a2c39e90264f33305004495a9","hash":"e95ba67e7371b362637c22fff29c1bb0cb233566"}
,"D:\\lee\\personal\\react-components-mono\\packages\\components\\src\\Form\\FormItemLabel.tsx": {"path":"D:\\lee\\personal\\react-components-mono\\packages\\components\\src\\Form\\FormItemLabel.tsx","statementMap":{"0":{"start":{"line":10,"column":33},"end":{"line":10,"column":52}},"1":{"start":{"line":12,"column":20},"end":{"line":12,"column":65}},"2":{"start":{"line":14,"column":2},"end":{"line":23,"column":3}}},"fnMap":{"0":{"name":"FormItemLabel","decl":{"start":{"line":4,"column":16},"end":{"line":4,"column":29}},"loc":{"start":{"line":9,"column":77},"end":{"line":24,"column":1}},"line":9}},"branchMap":{"0":{"loc":{"start":{"line":12,"column":20},"end":{"line":12,"column":65}},"type":"binary-expr","locations":[{"start":{"line":12,"column":21},"end":{"line":12,"column":40}},{"start":{"line":12,"column":44},"end":{"line":12,"column":55}},{"start":{"line":12,"column":60},"end":{"line":12,"column":65}}],"line":12},"1":{"loc":{"start":{"line":18,"column":8},"end":{"line":20,"column":9}},"type":"binary-expr","locations":[{"start":{"line":18,"column":8},"end":{"line":18,"column":17}},{"start":{"line":19,"column":10},"end":{"line":19,"column":52}}],"line":18}},"s":{"0":5,"1":5,"2":5},"f":{"0":5},"b":{"0":[5,5,5],"1":[5,0]},"_coverageSchema":"1a1c01bbd47fc00a2c39e90264f33305004495a9","hash":"6cff6232b85359d352ae5423a92c84da88addaf4"}
,"D:\\lee\\personal\\react-components-mono\\packages\\components\\src\\Form\\context.ts": {"path":"D:\\lee\\personal\\react-components-mono\\packages\\components\\src\\Form\\context.ts","statementMap":{"0":{"start":{"line":3,"column":23},"end":{"line":3,"column":45}}},"fnMap":{},"branchMap":{},"s":{"0":1},"f":{},"b":{},"_coverageSchema":"1a1c01bbd47fc00a2c39e90264f33305004495a9","hash":"58112b4ff90c29d8053574aae97ceafe5d4682d3"}
,"D:\\lee\\personal\\react-components-mono\\packages\\components\\src\\Form\\index.tsx": {"path":"D:\\lee\\personal\\react-components-mono\\packages\\components\\src\\Form\\index.tsx","statementMap":{"0":{"start":{"line":4,"column":0},"end":{"line":4,"column":16}}},"fnMap":{},"branchMap":{},"s":{"0":1},"f":{},"b":{},"_coverageSchema":"1a1c01bbd47fc00a2c39e90264f33305004495a9","hash":"1372e2fb61d7a8de388cb386e8b43623dbad57ce"}
,"D:\\lee\\personal\\react-components-mono\\packages\\components\\src\\Input\\Input.tsx": {"path":"D:\\lee\\personal\\react-components-mono\\packages\\components\\src\\Input\\Input.tsx","statementMap":{"0":{"start":{"line":13,"column":30},"end":{"line":13,"column":58}},"1":{"start":{"line":16,"column":2},"end":{"line":20,"column":13}},"2":{"start":{"line":17,"column":4},"end":{"line":19,"column":5}},"3":{"start":{"line":18,"column":6},"end":{"line":18,"column":22}},"4":{"start":{"line":23,"column":4},"end":{"line":25,"column":5}},"5":{"start":{"line":24,"column":6},"end":{"line":24,"column":17}},"6":{"start":{"line":27,"column":4},"end":{"line":29,"column":5}},"7":{"start":{"line":28,"column":6},"end":{"line":28,"column":31}},"8":{"start":{"line":32,"column":2},"end":{"line":34,"column":3}}},"fnMap":{"0":{"name":"Input","decl":{"start":{"line":3,"column":16},"end":{"line":3,"column":21}},"loc":{"start":{"line":12,"column":92},"end":{"line":35,"column":1}},"line":12},"1":{"name":"(anonymous_1)","decl":{"start":{"line":16,"column":12},"end":{"line":16,"column":13}},"loc":{"start":{"line":16,"column":18},"end":{"line":20,"column":3}},"line":16},"2":{"name":"onChangeHandler","decl":{"start":{"line":22,"column":11},"end":{"line":22,"column":26}},"loc":{"start":{"line":22,"column":67},"end":{"line":30,"column":3}},"line":22}},"branchMap":{"0":{"loc":{"start":{"line":13,"column":39},"end":{"line":13,"column":57}},"type":"binary-expr","locations":[{"start":{"line":13,"column":39},"end":{"line":13,"column":51}},{"start":{"line":13,"column":55},"end":{"line":13,"column":57}}],"line":13},"1":{"loc":{"start":{"line":17,"column":4},"end":{"line":19,"column":5}},"type":"if","locations":[{"start":{"line":17,"column":4},"end":{"line":19,"column":5}},{"start":{},"end":{}}],"line":17},"2":{"loc":{"start":{"line":23,"column":4},"end":{"line":25,"column":5}},"type":"if","locations":[{"start":{"line":23,"column":4},"end":{"line":25,"column":5}},{"start":{},"end":{}}],"line":23},"3":{"loc":{"start":{"line":23,"column":8},"end":{"line":23,"column":45}},"type":"binary-expr","locations":[{"start":{"line":23,"column":8},"end":{"line":23,"column":16}},{"start":{"line":23,"column":20},"end":{"line":23,"column":45}}],"line":23},"4":{"loc":{"start":{"line":27,"column":4},"end":{"line":29,"column":5}},"type":"if","locations":[{"start":{"line":27,"column":4},"end":{"line":29,"column":5}},{"start":{},"end":{}}],"line":27},"5":{"loc":{"start":{"line":27,"column":8},"end":{"line":27,"column":56}},"type":"binary-expr","locations":[{"start":{"line":27,"column":8},"end":{"line":27,"column":27}},{"start":{"line":27,"column":31},"end":{"line":27,"column":56}}],"line":27}},"s":{"0":29,"1":29,"2":9,"3":8,"4":16,"5":16,"6":16,"7":12,"8":29},"f":{"0":29,"1":9,"2":16},"b":{"0":[29,16],"1":[8,1],"2":[16,0],"3":[16,16],"4":[12,4],"5":[16,12]},"_coverageSchema":"1a1c01bbd47fc00a2c39e90264f33305004495a9","hash":"704ce6df42c23125cf5ccc3dd2abd8735dc06fd1"}
,"D:\\lee\\personal\\react-components-mono\\packages\\components\\src\\Input\\index.ts": {"path":"D:\\lee\\personal\\react-components-mono\\packages\\components\\src\\Input\\index.ts","statementMap":{},"fnMap":{},"branchMap":{},"s":{},"f":{},"b":{},"_coverageSchema":"1a1c01bbd47fc00a2c39e90264f33305004495a9","hash":"9857e64ef13e2f0f366816c4cf722d5b7ee25f43"}
,"D:\\lee\\personal\\react-components-mono\\packages\\components\\src\\Select\\Option.tsx": {"path":"D:\\lee\\personal\\react-components-mono\\packages\\components\\src\\Select\\Option.tsx","statementMap":{"0":{"start":{"line":5,"column":21},"end":{"line":7,"column":1}},"1":{"start":{"line":16,"column":70},"end":{"line":16,"column":89}},"2":{"start":{"line":18,"column":2},"end":{"line":28,"column":13}},"3":{"start":{"line":19,"column":4},"end":{"line":27,"column":6}},"4":{"start":{"line":20,"column":6},"end":{"line":25,"column":7}},"5":{"start":{"line":20,"column":35},"end":{"line":20,"column":55}},"6":{"start":{"line":21,"column":8},"end":{"line":24,"column":11}},"7":{"start":{"line":26,"column":6},"end":{"line":26,"column":17}},"8":{"start":{"line":31,"column":4},"end":{"line":33,"column":5}},"9":{"start":{"line":32,"column":6},"end":{"line":32,"column":21}},"10":{"start":{"line":34,"column":4},"end":{"line":36,"column":5}},"11":{"start":{"line":35,"column":6},"end":{"line":35,"column":22}},"12":{"start":{"line":39,"column":2},"end":{"line":43,"column":3}}},"fnMap":{"0":{"name":"Option","decl":{"start":{"line":9,"column":16},"end":{"line":9,"column":22}},"loc":{"start":{"line":15,"column":83},"end":{"line":44,"column":1}},"line":15},"1":{"name":"(anonymous_1)","decl":{"start":{"line":18,"column":12},"end":{"line":18,"column":13}},"loc":{"start":{"line":18,"column":18},"end":{"line":28,"column":3}},"line":18},"2":{"name":"(anonymous_2)","decl":{"start":{"line":19,"column":18},"end":{"line":19,"column":19}},"loc":{"start":{"line":19,"column":70},"end":{"line":27,"column":5}},"line":19},"3":{"name":"(anonymous_3)","decl":{"start":{"line":20,"column":25},"end":{"line":20,"column":26}},"loc":{"start":{"line":20,"column":35},"end":{"line":20,"column":55}},"line":20},"4":{"name":"onChangeHandler","decl":{"start":{"line":30,"column":11},"end":{"line":30,"column":26}},"loc":{"start":{"line":30,"column":29},"end":{"line":37,"column":3}},"line":30}},"branchMap":{"0":{"loc":{"start":{"line":20,"column":6},"end":{"line":25,"column":7}},"type":"if","locations":[{"start":{"line":20,"column":6},"end":{"line":25,"column":7}},{"start":{},"end":{}}],"line":20},"1":{"loc":{"start":{"line":31,"column":4},"end":{"line":33,"column":5}},"type":"if","locations":[{"start":{"line":31,"column":4},"end":{"line":33,"column":5}},{"start":{},"end":{}}],"line":31},"2":{"loc":{"start":{"line":34,"column":4},"end":{"line":36,"column":5}},"type":"if","locations":[{"start":{"line":34,"column":4},"end":{"line":36,"column":5}},{"start":{},"end":{}}],"line":34}},"s":{"0":2,"1":48,"2":48,"3":14,"4":14,"5":7,"6":14,"7":0,"8":3,"9":2,"10":3,"11":1,"12":48},"f":{"0":48,"1":14,"2":14,"3":7,"4":3},"b":{"0":[14,0],"1":[2,1],"2":[1,2]},"_coverageSchema":"1a1c01bbd47fc00a2c39e90264f33305004495a9","hash":"ab32596a7aec72e0b22853cc255168eae6da4ff8"}
,"D:\\lee\\personal\\react-components-mono\\packages\\components\\src\\Select\\Select.tsx": {"path":"D:\\lee\\personal\\react-components-mono\\packages\\components\\src\\Select\\Select.tsx","statementMap":{"0":{"start":{"line":6,"column":24},"end":{"line":8,"column":1}},"1":{"start":{"line":10,"column":20},"end":{"line":12,"column":1}},"2":{"start":{"line":14,"column":28},"end":{"line":18,"column":1}},"3":{"start":{"line":20,"column":23},"end":{"line":22,"column":1}},"4":{"start":{"line":24,"column":23},"end":{"line":26,"column":1}},"5":{"start":{"line":28,"column":22},"end":{"line":91,"column":1}},"6":{"start":{"line":41,"column":30},"end":{"line":41,"column":58}},"7":{"start":{"line":43,"column":48},"end":{"line":43,"column":63}},"8":{"start":{"line":45,"column":38},"end":{"line":45,"column":92}},"9":{"start":{"line":47,"column":21},"end":{"line":53,"column":15}},"10":{"start":{"line":48,"column":4},"end":{"line":52,"column":12}},"11":{"start":{"line":49,"column":6},"end":{"line":51,"column":7}},"12":{"start":{"line":55,"column":2},"end":{"line":59,"column":13}},"13":{"start":{"line":56,"column":4},"end":{"line":58,"column":5}},"14":{"start":{"line":57,"column":6},"end":{"line":57,"column":22}},"15":{"start":{"line":61,"column":19},"end":{"line":61,"column":67}},"16":{"start":{"line":61,"column":45},"end":{"line":61,"column":66}},"17":{"start":{"line":63,"column":2},"end":{"line":83,"column":3}},"18":{"start":{"line":74,"column":12},"end":{"line":74,"column":48}}},"fnMap":{"0":{"name":"(anonymous_0)","decl":{"start":{"line":28,"column":23},"end":{"line":28,"column":24}},"loc":{"start":{"line":40,"column":86},"end":{"line":84,"column":1}},"line":40},"1":{"name":"(anonymous_1)","decl":{"start":{"line":47,"column":29},"end":{"line":47,"column":30}},"loc":{"start":{"line":47,"column":35},"end":{"line":53,"column":3}},"line":47},"2":{"name":"(anonymous_2)","decl":{"start":{"line":48,"column":24},"end":{"line":48,"column":25}},"loc":{"start":{"line":48,"column":46},"end":{"line":52,"column":5}},"line":48},"3":{"name":"(anonymous_3)","decl":{"start":{"line":55,"column":12},"end":{"line":55,"column":13}},"loc":{"start":{"line":55,"column":18},"end":{"line":59,"column":3}},"line":55},"4":{"name":"(anonymous_4)","decl":{"start":{"line":61,"column":35},"end":{"line":61,"column":36}},"loc":{"start":{"line":61,"column":45},"end":{"line":61,"column":66}},"line":61},"5":{"name":"(anonymous_5)","decl":{"start":{"line":73,"column":74},"end":{"line":73,"column":75}},"loc":{"start":{"line":73,"column":80},"end":{"line":75,"column":11}},"line":73}},"branchMap":{"0":{"loc":{"start":{"line":41,"column":39},"end":{"line":41,"column":57}},"type":"binary-expr","locations":[{"start":{"line":41,"column":39},"end":{"line":41,"column":51}},{"start":{"line":41,"column":55},"end":{"line":41,"column":57}}],"line":41},"1":{"loc":{"start":{"line":48,"column":11},"end":{"line":52,"column":12}},"type":"binary-expr","locations":[{"start":{"line":48,"column":11},"end":{"line":52,"column":6}},{"start":{"line":52,"column":10},"end":{"line":52,"column":12}}],"line":48},"2":{"loc":{"start":{"line":56,"column":4},"end":{"line":58,"column":5}},"type":"if","locations":[{"start":{"line":56,"column":4},"end":{"line":58,"column":5}},{"start":{},"end":{}}],"line":56},"3":{"loc":{"start":{"line":77,"column":31},"end":{"line":77,"column":91}},"type":"cond-expr","locations":[{"start":{"line":77,"column":49},"end":{"line":77,"column":69}},{"start":{"line":77,"column":72},"end":{"line":77,"column":91}}],"line":77}},"s":{"0":2,"1":2,"2":2,"3":2,"4":2,"5":2,"6":24,"7":24,"8":24,"9":24,"10":7,"11":12,"12":24,"13":9,"14":6,"15":24,"16":24,"17":24,"18":5},"f":{"0":24,"1":7,"2":12,"3":9,"4":24,"5":5},"b":{"0":[24,20],"1":[7,1],"2":[6,3],"3":[9,15]},"_coverageSchema":"1a1c01bbd47fc00a2c39e90264f33305004495a9","hash":"085507778d5516a123b9897344623b802d0c5cfd"}
,"D:\\lee\\personal\\react-components-mono\\packages\\components\\src\\Select\\context.ts": {"path":"D:\\lee\\personal\\react-components-mono\\packages\\components\\src\\Select\\context.ts","statementMap":{"0":{"start":{"line":3,"column":23},"end":{"line":3,"column":45}}},"fnMap":{},"branchMap":{},"s":{"0":2},"f":{},"b":{},"_coverageSchema":"1a1c01bbd47fc00a2c39e90264f33305004495a9","hash":"c9bdd734e85bd6425d55a45e34a295e8db415b76"}
,"D:\\lee\\personal\\react-components-mono\\packages\\components\\src\\Select\\index.tsx": {"path":"D:\\lee\\personal\\react-components-mono\\packages\\components\\src\\Select\\index.tsx","statementMap":{"0":{"start":{"line":4,"column":0},"end":{"line":4,"column":22}}},"fnMap":{},"branchMap":{},"s":{"0":2},"f":{},"b":{},"_coverageSchema":"1a1c01bbd47fc00a2c39e90264f33305004495a9","hash":"eba5529aa200a3c912b6c036617570f4280c00ea"}
}
