TN:
SF:src\Form\Form.tsx
FN:21,(anonymous_0)
FN:36,(anonymous_1)
FN:37,(anonymous_2)
FN:38,(anonymous_3)
FN:45,(anonymous_4)
FN:55,(anonymous_5)
FN:56,(anonymous_6)
FN:58,(anonymous_7)
FN:63,(anonymous_8)
FN:64,(anonymous_9)
FN:77,(anonymous_10)
FN:81,(anonymous_11)
FN:97,(anonymous_12)
FN:98,(anonymous_13)
FN:99,(anonymous_14)
FN:114,(anonymous_15)
FNF:16
FNH:1
FNDA:2,(anonymous_0)
FNDA:0,(anonymous_1)
FNDA:0,(anonymous_2)
FNDA:0,(anonymous_3)
FNDA:0,(anonymous_4)
FNDA:0,(anonymous_5)
FNDA:0,(anonymous_6)
FNDA:0,(anonymous_7)
FNDA:0,(anonymous_8)
FNDA:0,(anonymous_9)
FNDA:0,(anonymous_10)
FNDA:0,(anonymous_11)
FNDA:0,(anonymous_12)
FNDA:0,(anonymous_13)
FNDA:0,(anonymous_14)
FNDA:0,(anonymous_15)
DA:20,1
DA:28,2
DA:36,2
DA:38,0
DA:39,0
DA:44,0
DA:45,0
DA:46,0
DA:52,0
DA:56,0
DA:62,0
DA:63,0
DA:64,0
DA:65,0
DA:66,0
DA:67,0
DA:69,0
DA:70,0
DA:77,0
DA:78,0
DA:79,0
DA:81,0
DA:82,0
DA:98,0
DA:99,0
DA:100,0
DA:101,0
DA:102,0
DA:103,0
DA:105,0
DA:107,0
DA:108,0
DA:109,0
DA:111,0
DA:113,0
DA:114,0
DA:123,2
LF:37
LH:4
BRDA:44,0,0,0
BRDA:44,0,1,0
BRDA:62,1,0,0
BRDA:62,1,1,0
BRDA:65,2,0,0
BRDA:65,2,1,0
BRDA:67,3,0,0
BRDA:67,3,1,0
BRDA:69,4,0,0
BRDA:69,4,1,0
BRDA:71,5,0,0
BRDA:71,5,1,0
BRDA:79,6,0,0
BRDA:79,6,1,0
BRDA:83,7,0,0
BRDA:83,7,1,0
BRDA:101,8,0,0
BRDA:101,8,1,0
BRDA:102,9,0,0
BRDA:102,9,1,0
BRDA:107,10,0,0
BRDA:107,10,1,0
BRDA:108,11,0,0
BRDA:108,11,1,0
BRDA:113,12,0,0
BRDA:113,12,1,0
BRDA:113,13,0,0
BRDA:113,13,1,0
BRF:28
BRH:0
end_of_record
TN:
SF:src\Form\FormItem.tsx
FN:18,(anonymous_0)
FN:31,(anonymous_1)
FN:48,(anonymous_2)
FN:60,validate
FN:79,(anonymous_4)
FN:89,(anonymous_5)
FN:102,(anonymous_6)
FN:120,(anonymous_7)
FN:133,(anonymous_8)
FNF:9
FNH:8
FNDA:1,(anonymous_0)
FNDA:5,(anonymous_1)
FNDA:4,(anonymous_2)
FNDA:1,validate
FNDA:1,(anonymous_4)
FNDA:1,(anonymous_5)
FNDA:2,(anonymous_6)
FNDA:5,(anonymous_7)
FNDA:0,(anonymous_8)
DA:18,1
DA:19,1
DA:21,0
DA:23,1
DA:25,0
DA:27,0
DA:31,1
DA:38,5
DA:40,5
DA:48,5
DA:49,4
DA:50,4
DA:55,4
DA:61,1
DA:62,1
DA:63,0
DA:64,0
DA:65,0
DA:66,0
DA:67,0
DA:69,0
DA:71,0
DA:72,0
DA:76,1
DA:79,5
DA:80,1
DA:81,1
DA:82,1
DA:83,1
DA:84,1
DA:85,1
DA:89,1
DA:90,1
DA:91,1
DA:92,0
DA:95,1
DA:96,0
DA:98,1
DA:99,1
DA:103,2
DA:113,5
DA:121,5
DA:122,5
DA:134,0
LF:44
LH:30
BRDA:19,0,0,0
BRDA:19,0,1,1
BRDA:19,0,2,0
BRDA:19,0,3,0
BRDA:44,1,0,5
BRDA:44,1,1,0
BRDA:49,2,0,4
BRDA:49,2,1,0
BRDA:52,3,0,4
BRDA:52,3,1,0
BRDA:62,4,0,0
BRDA:62,4,1,1
BRDA:65,5,0,0
BRDA:65,5,1,0
BRDA:71,6,0,0
BRDA:71,6,1,0
BRDA:71,7,0,0
BRDA:71,7,1,0
BRDA:80,8,0,0
BRDA:80,8,1,1
BRDA:83,9,0,1
BRDA:83,9,1,0
BRDA:91,10,0,0
BRDA:91,10,1,1
BRDA:95,11,0,0
BRDA:95,11,1,1
BRDA:98,12,0,1
BRDA:98,12,1,0
BRDA:117,13,0,5
BRDA:117,13,1,5
BRDA:125,14,0,5
BRDA:125,14,1,0
BRF:32
BRH:13
end_of_record
TN:
SF:src\Form\FormItemLabel.tsx
FN:4,FormItemLabel
FNF:1
FNH:1
FNDA:5,FormItemLabel
DA:10,5
DA:12,5
DA:14,5
LF:3
LH:3
BRDA:12,0,0,5
BRDA:12,0,1,5
BRDA:12,0,2,5
BRDA:18,1,0,5
BRDA:18,1,1,0
BRF:5
BRH:4
end_of_record
TN:
SF:src\Form\context.ts
FNF:0
FNH:0
DA:3,1
LF:1
LH:1
BRF:0
BRH:0
end_of_record
TN:
SF:src\Form\index.tsx
FNF:0
FNH:0
DA:4,1
LF:1
LH:1
BRF:0
BRH:0
end_of_record
TN:
SF:src\Input\Input.tsx
FN:3,Input
FN:16,(anonymous_1)
FN:22,onChangeHandler
FNF:3
FNH:3
FNDA:29,Input
FNDA:9,(anonymous_1)
FNDA:16,onChangeHandler
DA:13,29
DA:16,29
DA:17,9
DA:18,8
DA:23,16
DA:24,16
DA:27,16
DA:28,12
DA:32,29
LF:9
LH:9
BRDA:13,0,0,29
BRDA:13,0,1,16
BRDA:17,1,0,8
BRDA:17,1,1,1
BRDA:23,2,0,16
BRDA:23,2,1,0
BRDA:23,3,0,16
BRDA:23,3,1,16
BRDA:27,4,0,12
BRDA:27,4,1,4
BRDA:27,5,0,16
BRDA:27,5,1,12
BRF:12
BRH:11
end_of_record
TN:
SF:src\Input\index.ts
FNF:0
FNH:0
LF:0
LH:0
BRF:0
BRH:0
end_of_record
TN:
SF:src\Select\Option.tsx
FN:9,Option
FN:18,(anonymous_1)
FN:19,(anonymous_2)
FN:20,(anonymous_3)
FN:30,onChangeHandler
FNF:5
FNH:5
FNDA:48,Option
FNDA:14,(anonymous_1)
FNDA:14,(anonymous_2)
FNDA:7,(anonymous_3)
FNDA:3,onChangeHandler
DA:5,2
DA:16,48
DA:18,48
DA:19,14
DA:20,14
DA:21,14
DA:26,0
DA:31,3
DA:32,2
DA:34,3
DA:35,1
DA:39,48
LF:12
LH:11
BRDA:20,0,0,14
BRDA:20,0,1,0
BRDA:31,1,0,2
BRDA:31,1,1,1
BRDA:34,2,0,1
BRDA:34,2,1,2
BRF:6
BRH:5
end_of_record
TN:
SF:src\Select\Select.tsx
FN:28,(anonymous_0)
FN:47,(anonymous_1)
FN:48,(anonymous_2)
FN:55,(anonymous_3)
FN:61,(anonymous_4)
FN:73,(anonymous_5)
FNF:6
FNH:6
FNDA:24,(anonymous_0)
FNDA:7,(anonymous_1)
FNDA:12,(anonymous_2)
FNDA:9,(anonymous_3)
FNDA:24,(anonymous_4)
FNDA:5,(anonymous_5)
DA:6,2
DA:10,2
DA:14,2
DA:20,2
DA:24,2
DA:28,2
DA:41,24
DA:43,24
DA:45,24
DA:47,24
DA:48,7
DA:49,12
DA:55,24
DA:56,9
DA:57,6
DA:61,24
DA:63,24
DA:74,5
LF:18
LH:18
BRDA:41,0,0,24
BRDA:41,0,1,20
BRDA:48,1,0,7
BRDA:48,1,1,1
BRDA:56,2,0,6
BRDA:56,2,1,3
BRDA:77,3,0,9
BRDA:77,3,1,15
BRF:8
BRH:8
end_of_record
TN:
SF:src\Select\context.ts
FNF:0
FNH:0
DA:3,2
LF:1
LH:1
BRF:0
BRH:0
end_of_record
TN:
SF:src\Select\index.tsx
FNF:0
FNH:0
DA:4,2
LF:1
LH:1
BRF:0
BRH:0
end_of_record
